2022-12-27 16:38:45.222 [main] ERROR org.springframework.boot.diagnostics.LoggingFailureAnalysisReporter - 

***************************
APPLICATION FAILED TO START
***************************

Description:

The bean 'cacheManager', defined in class path resource [org/springframework/boot/autoconfigure/cache/EhCacheCacheConfiguration.class], could not be registered. A bean with that name has already been defined in class path resource [com/example/test/config/EhcacheConfig.class] and overriding is disabled.

Action:

Consider renaming one of the beans or enabling overriding by setting spring.main.allow-bean-definition-overriding=true

2022-12-27 16:39:55.261 [main] ERROR org.springframework.boot.diagnostics.LoggingFailureAnalysisReporter - 

***************************
APPLICATION FAILED TO START
***************************

Description:

The bean 'cacheManager', defined in class path resource [org/springframework/boot/autoconfigure/cache/EhCacheCacheConfiguration.class], could not be registered. A bean with that name has already been defined in class path resource [com/example/test/config/EhcacheConfig.class] and overriding is disabled.

Action:

Consider renaming one of the beans or enabling overriding by setting spring.main.allow-bean-definition-overriding=true

2022-12-27 16:40:11.209 [main] ERROR org.springframework.boot.SpringApplication - Application run failed
org.springframework.beans.factory.UnsatisfiedDependencyException: Error creating bean with name 'cacheManager' defined in class path resource [org/springframework/boot/autoconfigure/cache/EhCacheCacheConfiguration.class]: Unsatisfied dependency expressed through method 'cacheManager' parameter 1; nested exception is org.springframework.beans.factory.BeanCreationException: Error creating bean with name 'ehCacheCacheManager' defined in class path resource [org/springframework/boot/autoconfigure/cache/EhCacheCacheConfiguration.class]: Bean instantiation via factory method failed; nested exception is org.springframework.beans.BeanInstantiationException: Failed to instantiate [net.sf.ehcache.CacheManager]: Factory method 'ehCacheCacheManager' threw exception; nested exception is net.sf.ehcache.CacheException: Error configuring from file:/C:/Users/Administrator/Desktop/project/test/target/classes/ehcache.xml. Initial cause was Error configuring from input stream. Initial cause was null:4: Element <config> does not allow attribute "xmlns:xsi".
	at org.springframework.beans.factory.support.ConstructorResolver.createArgumentArray(ConstructorResolver.java:798)
	at org.springframework.beans.factory.support.ConstructorResolver.instantiateUsingFactoryMethod(ConstructorResolver.java:539)
	at org.springframework.beans.factory.support.AbstractAutowireCapableBeanFactory.instantiateUsingFactoryMethod(AbstractAutowireCapableBeanFactory.java:1338)
	at org.springframework.beans.factory.support.AbstractAutowireCapableBeanFactory.createBeanInstance(AbstractAutowireCapableBeanFactory.java:1177)
	at org.springframework.beans.factory.support.AbstractAutowireCapableBeanFactory.doCreateBean(AbstractAutowireCapableBeanFactory.java:557)
	at org.springframework.beans.factory.support.AbstractAutowireCapableBeanFactory.createBean(AbstractAutowireCapableBeanFactory.java:517)
	at org.springframework.beans.factory.support.AbstractBeanFactory.lambda$doGetBean$0(AbstractBeanFactory.java:323)
	at org.springframework.beans.factory.support.DefaultSingletonBeanRegistry.getSingleton(DefaultSingletonBeanRegistry.java:226)
	at org.springframework.beans.factory.support.AbstractBeanFactory.doGetBean(AbstractBeanFactory.java:321)
	at org.springframework.beans.factory.support.AbstractBeanFactory.getBean(AbstractBeanFactory.java:202)
	at org.springframework.beans.factory.support.DefaultListableBeanFactory.preInstantiateSingletons(DefaultListableBeanFactory.java:895)
	at org.springframework.context.support.AbstractApplicationContext.finishBeanFactoryInitialization(AbstractApplicationContext.java:878)
	at org.springframework.context.support.AbstractApplicationContext.refresh(AbstractApplicationContext.java:550)
	at org.springframework.boot.web.servlet.context.ServletWebServerApplicationContext.refresh(ServletWebServerApplicationContext.java:143)
	at org.springframework.boot.SpringApplication.refresh(SpringApplication.java:758)
	at org.springframework.boot.SpringApplication.refresh(SpringApplication.java:750)
	at org.springframework.boot.SpringApplication.refreshContext(SpringApplication.java:397)
	at org.springframework.boot.SpringApplication.run(SpringApplication.java:315)
	at org.springframework.boot.SpringApplication.run(SpringApplication.java:1237)
	at org.springframework.boot.SpringApplication.run(SpringApplication.java:1226)
	at com.example.test.Application.main(Application.java:36)
Caused by: org.springframework.beans.factory.BeanCreationException: Error creating bean with name 'ehCacheCacheManager' defined in class path resource [org/springframework/boot/autoconfigure/cache/EhCacheCacheConfiguration.class]: Bean instantiation via factory method failed; nested exception is org.springframework.beans.BeanInstantiationException: Failed to instantiate [net.sf.ehcache.CacheManager]: Factory method 'ehCacheCacheManager' threw exception; nested exception is net.sf.ehcache.CacheException: Error configuring from file:/C:/Users/Administrator/Desktop/project/test/target/classes/ehcache.xml. Initial cause was Error configuring from input stream. Initial cause was null:4: Element <config> does not allow attribute "xmlns:xsi".
	at org.springframework.beans.factory.support.ConstructorResolver.instantiate(ConstructorResolver.java:656)
	at org.springframework.beans.factory.support.ConstructorResolver.instantiateUsingFactoryMethod(ConstructorResolver.java:636)
	at org.springframework.beans.factory.support.AbstractAutowireCapableBeanFactory.instantiateUsingFactoryMethod(AbstractAutowireCapableBeanFactory.java:1338)
	at org.springframework.beans.factory.support.AbstractAutowireCapableBeanFactory.createBeanInstance(AbstractAutowireCapableBeanFactory.java:1177)
	at org.springframework.beans.factory.support.AbstractAutowireCapableBeanFactory.doCreateBean(AbstractAutowireCapableBeanFactory.java:557)
	at org.springframework.beans.factory.support.AbstractAutowireCapableBeanFactory.createBean(AbstractAutowireCapableBeanFactory.java:517)
	at org.springframework.beans.factory.support.AbstractBeanFactory.lambda$doGetBean$0(AbstractBeanFactory.java:323)
	at org.springframework.beans.factory.support.DefaultSingletonBeanRegistry.getSingleton(DefaultSingletonBeanRegistry.java:226)
	at org.springframework.beans.factory.support.AbstractBeanFactory.doGetBean(AbstractBeanFactory.java:321)
	at org.springframework.beans.factory.support.AbstractBeanFactory.getBean(AbstractBeanFactory.java:202)
	at org.springframework.beans.factory.config.DependencyDescriptor.resolveCandidate(DependencyDescriptor.java:276)
	at org.springframework.beans.factory.support.DefaultListableBeanFactory.doResolveDependency(DefaultListableBeanFactory.java:1306)
	at org.springframework.beans.factory.support.DefaultListableBeanFactory.resolveDependency(DefaultListableBeanFactory.java:1226)
	at org.springframework.beans.factory.support.ConstructorResolver.resolveAutowiredArgument(ConstructorResolver.java:885)
	at org.springframework.beans.factory.support.ConstructorResolver.createArgumentArray(ConstructorResolver.java:789)
	... 20 common frames omitted
Caused by: org.springframework.beans.BeanInstantiationException: Failed to instantiate [net.sf.ehcache.CacheManager]: Factory method 'ehCacheCacheManager' threw exception; nested exception is net.sf.ehcache.CacheException: Error configuring from file:/C:/Users/Administrator/Desktop/project/test/target/classes/ehcache.xml. Initial cause was Error configuring from input stream. Initial cause was null:4: Element <config> does not allow attribute "xmlns:xsi".
	at org.springframework.beans.factory.support.SimpleInstantiationStrategy.instantiate(SimpleInstantiationStrategy.java:185)
	at org.springframework.beans.factory.support.ConstructorResolver.instantiate(ConstructorResolver.java:651)
	... 34 common frames omitted
Caused by: net.sf.ehcache.CacheException: Error configuring from file:/C:/Users/Administrator/Desktop/project/test/target/classes/ehcache.xml. Initial cause was Error configuring from input stream. Initial cause was null:4: Element <config> does not allow attribute "xmlns:xsi".
	at net.sf.ehcache.config.ConfigurationFactory.parseConfiguration(ConfigurationFactory.java:105)
	at net.sf.ehcache.config.ConfigurationFactory.parseConfiguration(ConfigurationFactory.java:140)
	at org.springframework.cache.ehcache.EhCacheManagerUtils.buildCacheManager(EhCacheManagerUtils.java:54)
	at org.springframework.boot.autoconfigure.cache.EhCacheCacheConfiguration.ehCacheCacheManager(EhCacheCacheConfiguration.java:58)
	at sun.reflect.NativeMethodAccessorImpl.invoke0(Native Method)
	at sun.reflect.NativeMethodAccessorImpl.invoke(NativeMethodAccessorImpl.java:62)
	at sun.reflect.DelegatingMethodAccessorImpl.invoke(DelegatingMethodAccessorImpl.java:43)
	at java.lang.reflect.Method.invoke(Method.java:498)
	at org.springframework.beans.factory.support.SimpleInstantiationStrategy.instantiate(SimpleInstantiationStrategy.java:154)
	... 35 common frames omitted
Caused by: net.sf.ehcache.CacheException: Error configuring from input stream. Initial cause was null:4: Element <config> does not allow attribute "xmlns:xsi".
	at net.sf.ehcache.config.ConfigurationFactory.parseConfiguration(ConfigurationFactory.java:159)
	at net.sf.ehcache.config.ConfigurationFactory.parseConfiguration(ConfigurationFactory.java:103)
	... 43 common frames omitted
Caused by: org.xml.sax.SAXException: null:4: Element <config> does not allow attribute "xmlns:xsi".
	at net.sf.ehcache.config.BeanHandler.setAttribute(BeanHandler.java:284)
	at net.sf.ehcache.config.BeanHandler.startElement(BeanHandler.java:113)
	at com.sun.org.apache.xerces.internal.parsers.AbstractSAXParser.startElement(AbstractSAXParser.java:509)
	at com.sun.org.apache.xerces.internal.impl.dtd.XMLDTDValidator.startElement(XMLDTDValidator.java:744)
	at com.sun.org.apache.xerces.internal.impl.XMLDocumentFragmentScannerImpl.scanStartElement(XMLDocumentFragmentScannerImpl.java:1358)
	at com.sun.org.apache.xerces.internal.impl.XMLDocumentScannerImpl$ContentDriver.scanRootElementHook(XMLDocumentScannerImpl.java:1288)
	at com.sun.org.apache.xerces.internal.impl.XMLDocumentFragmentScannerImpl$FragmentContentDriver.next(XMLDocumentFragmentScannerImpl.java:3131)
	at com.sun.org.apache.xerces.internal.impl.XMLDocumentScannerImpl$PrologDriver.next(XMLDocumentScannerImpl.java:851)
	at com.sun.org.apache.xerces.internal.impl.XMLDocumentScannerImpl.next(XMLDocumentScannerImpl.java:601)
	at com.sun.org.apache.xerces.internal.impl.XMLDocumentFragmentScannerImpl.scanDocument(XMLDocumentFragmentScannerImpl.java:504)
	at com.sun.org.apache.xerces.internal.parsers.XML11Configuration.parse(XML11Configuration.java:841)
	at com.sun.org.apache.xerces.internal.parsers.XML11Configuration.parse(XML11Configuration.java:770)
	at com.sun.org.apache.xerces.internal.parsers.XMLParser.parse(XMLParser.java:141)
	at com.sun.org.apache.xerces.internal.parsers.AbstractSAXParser.parse(AbstractSAXParser.java:1213)
	at com.sun.org.apache.xerces.internal.jaxp.SAXParserImpl$JAXPSAXParser.parse(SAXParserImpl.java:642)
	at com.sun.org.apache.xerces.internal.jaxp.SAXParserImpl.parse(SAXParserImpl.java:326)
	at javax.xml.parsers.SAXParser.parse(SAXParser.java:195)
	at net.sf.ehcache.config.ConfigurationFactory.parseConfiguration(ConfigurationFactory.java:157)
	... 44 common frames omitted
2022-12-27 21:46:22.803 [main] ERROR org.springframework.boot.SpringApplication - Application run failed
org.springframework.beans.factory.UnsatisfiedDependencyException: Error creating bean with name 'cacheManager' defined in class path resource [org/springframework/boot/autoconfigure/cache/EhCacheCacheConfiguration.class]: Unsatisfied dependency expressed through method 'cacheManager' parameter 1; nested exception is org.springframework.beans.factory.BeanCreationException: Error creating bean with name 'ehCacheCacheManager' defined in class path resource [org/springframework/boot/autoconfigure/cache/EhCacheCacheConfiguration.class]: Bean instantiation via factory method failed; nested exception is org.springframework.beans.BeanInstantiationException: Failed to instantiate [net.sf.ehcache.CacheManager]: Factory method 'ehCacheCacheManager' threw exception; nested exception is net.sf.ehcache.CacheException: Error configuring from file:/C:/Users/Administrator/Desktop/project/test/target/classes/ehcache.xml. Initial cause was Error configuring from input stream. Initial cause was null:4: Element <config> does not allow attribute "xmlns:xsi".
	at org.springframework.beans.factory.support.ConstructorResolver.createArgumentArray(ConstructorResolver.java:798)
	at org.springframework.beans.factory.support.ConstructorResolver.instantiateUsingFactoryMethod(ConstructorResolver.java:539)
	at org.springframework.beans.factory.support.AbstractAutowireCapableBeanFactory.instantiateUsingFactoryMethod(AbstractAutowireCapableBeanFactory.java:1338)
	at org.springframework.beans.factory.support.AbstractAutowireCapableBeanFactory.createBeanInstance(AbstractAutowireCapableBeanFactory.java:1177)
	at org.springframework.beans.factory.support.AbstractAutowireCapableBeanFactory.doCreateBean(AbstractAutowireCapableBeanFactory.java:557)
	at org.springframework.beans.factory.support.AbstractAutowireCapableBeanFactory.createBean(AbstractAutowireCapableBeanFactory.java:517)
	at org.springframework.beans.factory.support.AbstractBeanFactory.lambda$doGetBean$0(AbstractBeanFactory.java:323)
	at org.springframework.beans.factory.support.DefaultSingletonBeanRegistry.getSingleton(DefaultSingletonBeanRegistry.java:226)
	at org.springframework.beans.factory.support.AbstractBeanFactory.doGetBean(AbstractBeanFactory.java:321)
	at org.springframework.beans.factory.support.AbstractBeanFactory.getBean(AbstractBeanFactory.java:202)
	at org.springframework.beans.factory.support.DefaultListableBeanFactory.preInstantiateSingletons(DefaultListableBeanFactory.java:895)
	at org.springframework.context.support.AbstractApplicationContext.finishBeanFactoryInitialization(AbstractApplicationContext.java:878)
	at org.springframework.context.support.AbstractApplicationContext.refresh(AbstractApplicationContext.java:550)
	at org.springframework.boot.web.servlet.context.ServletWebServerApplicationContext.refresh(ServletWebServerApplicationContext.java:143)
	at org.springframework.boot.SpringApplication.refresh(SpringApplication.java:758)
	at org.springframework.boot.SpringApplication.refresh(SpringApplication.java:750)
	at org.springframework.boot.SpringApplication.refreshContext(SpringApplication.java:397)
	at org.springframework.boot.SpringApplication.run(SpringApplication.java:315)
	at org.springframework.boot.SpringApplication.run(SpringApplication.java:1237)
	at org.springframework.boot.SpringApplication.run(SpringApplication.java:1226)
	at com.example.test.Application.main(Application.java:36)
Caused by: org.springframework.beans.factory.BeanCreationException: Error creating bean with name 'ehCacheCacheManager' defined in class path resource [org/springframework/boot/autoconfigure/cache/EhCacheCacheConfiguration.class]: Bean instantiation via factory method failed; nested exception is org.springframework.beans.BeanInstantiationException: Failed to instantiate [net.sf.ehcache.CacheManager]: Factory method 'ehCacheCacheManager' threw exception; nested exception is net.sf.ehcache.CacheException: Error configuring from file:/C:/Users/Administrator/Desktop/project/test/target/classes/ehcache.xml. Initial cause was Error configuring from input stream. Initial cause was null:4: Element <config> does not allow attribute "xmlns:xsi".
	at org.springframework.beans.factory.support.ConstructorResolver.instantiate(ConstructorResolver.java:656)
	at org.springframework.beans.factory.support.ConstructorResolver.instantiateUsingFactoryMethod(ConstructorResolver.java:636)
	at org.springframework.beans.factory.support.AbstractAutowireCapableBeanFactory.instantiateUsingFactoryMethod(AbstractAutowireCapableBeanFactory.java:1338)
	at org.springframework.beans.factory.support.AbstractAutowireCapableBeanFactory.createBeanInstance(AbstractAutowireCapableBeanFactory.java:1177)
	at org.springframework.beans.factory.support.AbstractAutowireCapableBeanFactory.doCreateBean(AbstractAutowireCapableBeanFactory.java:557)
	at org.springframework.beans.factory.support.AbstractAutowireCapableBeanFactory.createBean(AbstractAutowireCapableBeanFactory.java:517)
	at org.springframework.beans.factory.support.AbstractBeanFactory.lambda$doGetBean$0(AbstractBeanFactory.java:323)
	at org.springframework.beans.factory.support.DefaultSingletonBeanRegistry.getSingleton(DefaultSingletonBeanRegistry.java:226)
	at org.springframework.beans.factory.support.AbstractBeanFactory.doGetBean(AbstractBeanFactory.java:321)
	at org.springframework.beans.factory.support.AbstractBeanFactory.getBean(AbstractBeanFactory.java:202)
	at org.springframework.beans.factory.config.DependencyDescriptor.resolveCandidate(DependencyDescriptor.java:276)
	at org.springframework.beans.factory.support.DefaultListableBeanFactory.doResolveDependency(DefaultListableBeanFactory.java:1306)
	at org.springframework.beans.factory.support.DefaultListableBeanFactory.resolveDependency(DefaultListableBeanFactory.java:1226)
	at org.springframework.beans.factory.support.ConstructorResolver.resolveAutowiredArgument(ConstructorResolver.java:885)
	at org.springframework.beans.factory.support.ConstructorResolver.createArgumentArray(ConstructorResolver.java:789)
	... 20 common frames omitted
Caused by: org.springframework.beans.BeanInstantiationException: Failed to instantiate [net.sf.ehcache.CacheManager]: Factory method 'ehCacheCacheManager' threw exception; nested exception is net.sf.ehcache.CacheException: Error configuring from file:/C:/Users/Administrator/Desktop/project/test/target/classes/ehcache.xml. Initial cause was Error configuring from input stream. Initial cause was null:4: Element <config> does not allow attribute "xmlns:xsi".
	at org.springframework.beans.factory.support.SimpleInstantiationStrategy.instantiate(SimpleInstantiationStrategy.java:185)
	at org.springframework.beans.factory.support.ConstructorResolver.instantiate(ConstructorResolver.java:651)
	... 34 common frames omitted
Caused by: net.sf.ehcache.CacheException: Error configuring from file:/C:/Users/Administrator/Desktop/project/test/target/classes/ehcache.xml. Initial cause was Error configuring from input stream. Initial cause was null:4: Element <config> does not allow attribute "xmlns:xsi".
	at net.sf.ehcache.config.ConfigurationFactory.parseConfiguration(ConfigurationFactory.java:105)
	at net.sf.ehcache.config.ConfigurationFactory.parseConfiguration(ConfigurationFactory.java:140)
	at org.springframework.cache.ehcache.EhCacheManagerUtils.buildCacheManager(EhCacheManagerUtils.java:54)
	at org.springframework.boot.autoconfigure.cache.EhCacheCacheConfiguration.ehCacheCacheManager(EhCacheCacheConfiguration.java:58)
	at sun.reflect.NativeMethodAccessorImpl.invoke0(Native Method)
	at sun.reflect.NativeMethodAccessorImpl.invoke(NativeMethodAccessorImpl.java:62)
	at sun.reflect.DelegatingMethodAccessorImpl.invoke(DelegatingMethodAccessorImpl.java:43)
	at java.lang.reflect.Method.invoke(Method.java:498)
	at org.springframework.beans.factory.support.SimpleInstantiationStrategy.instantiate(SimpleInstantiationStrategy.java:154)
	... 35 common frames omitted
Caused by: net.sf.ehcache.CacheException: Error configuring from input stream. Initial cause was null:4: Element <config> does not allow attribute "xmlns:xsi".
	at net.sf.ehcache.config.ConfigurationFactory.parseConfiguration(ConfigurationFactory.java:159)
	at net.sf.ehcache.config.ConfigurationFactory.parseConfiguration(ConfigurationFactory.java:103)
	... 43 common frames omitted
Caused by: org.xml.sax.SAXException: null:4: Element <config> does not allow attribute "xmlns:xsi".
	at net.sf.ehcache.config.BeanHandler.setAttribute(BeanHandler.java:284)
	at net.sf.ehcache.config.BeanHandler.startElement(BeanHandler.java:113)
	at com.sun.org.apache.xerces.internal.parsers.AbstractSAXParser.startElement(AbstractSAXParser.java:509)
	at com.sun.org.apache.xerces.internal.impl.dtd.XMLDTDValidator.startElement(XMLDTDValidator.java:744)
	at com.sun.org.apache.xerces.internal.impl.XMLDocumentFragmentScannerImpl.scanStartElement(XMLDocumentFragmentScannerImpl.java:1358)
	at com.sun.org.apache.xerces.internal.impl.XMLDocumentScannerImpl$ContentDriver.scanRootElementHook(XMLDocumentScannerImpl.java:1288)
	at com.sun.org.apache.xerces.internal.impl.XMLDocumentFragmentScannerImpl$FragmentContentDriver.next(XMLDocumentFragmentScannerImpl.java:3131)
	at com.sun.org.apache.xerces.internal.impl.XMLDocumentScannerImpl$PrologDriver.next(XMLDocumentScannerImpl.java:851)
	at com.sun.org.apache.xerces.internal.impl.XMLDocumentScannerImpl.next(XMLDocumentScannerImpl.java:601)
	at com.sun.org.apache.xerces.internal.impl.XMLDocumentFragmentScannerImpl.scanDocument(XMLDocumentFragmentScannerImpl.java:504)
	at com.sun.org.apache.xerces.internal.parsers.XML11Configuration.parse(XML11Configuration.java:841)
	at com.sun.org.apache.xerces.internal.parsers.XML11Configuration.parse(XML11Configuration.java:770)
	at com.sun.org.apache.xerces.internal.parsers.XMLParser.parse(XMLParser.java:141)
	at com.sun.org.apache.xerces.internal.parsers.AbstractSAXParser.parse(AbstractSAXParser.java:1213)
	at com.sun.org.apache.xerces.internal.jaxp.SAXParserImpl$JAXPSAXParser.parse(SAXParserImpl.java:642)
	at com.sun.org.apache.xerces.internal.jaxp.SAXParserImpl.parse(SAXParserImpl.java:326)
	at javax.xml.parsers.SAXParser.parse(SAXParser.java:195)
	at net.sf.ehcache.config.ConfigurationFactory.parseConfiguration(ConfigurationFactory.java:157)
	... 44 common frames omitted
